<?xml version="1.0" encoding="UTF-8"?>
<!-- Generated by org.testng.reporters.JUnitReportReporter -->
<testsuite hostname="Phyos-Air.cable.rcn.com" failures="0" tests="3" name="Runners.testRunners" time="0.077" errors="0" timestamp="2024-03-06T18:50:54 EST" skipped="0">
  <testcase classname="Runners.testRunners" name="runScenario" time="0.005"/>
  <testcase classname="Runners.testRunners" name="runScenario" time="0.069"/>
  <testcase classname="Runners.testRunners" name="runScenario" time="0.003"/>
</testsuite> <!-- Runners.testRunners -->
